
[2015-07-22 17:57:35] production.ERROR: exception 'PDOException' with message 'SQLSTATE[23000]: Integrity constraint violation: 1452 Cannot add or update a child row: a foreign key constraint fails (`cdc`.`cd`, CONSTRAINT `cd_album_id_foreign` FOREIGN KEY (`album_id`) REFERENCES `album` (`id`) ON DELETE CASCADE)' in /home/steffen/public_html/cdc/vendor/laravel/framework/src/Illuminate/Database/Connection.php:369
Stack trace:
#0 /home/steffen/public_html/cdc/vendor/laravel/framework/src/Illuminate/Database/Connection.php(369): PDOStatement->execute(Array)
#1 /home/steffen/public_html/cdc/vendor/laravel/framework/src/Illuminate/Database/Connection.php(617): Illuminate\Database\Connection->Illuminate\Database\{closure}(Object(Illuminate\Database\MySqlConnection), 'insert into `cd...', Array)
#2 /home/steffen/public_html/cdc/vendor/laravel/framework/src/Illuminate/Database/Connection.php(581): Illuminate\Database\Connection->runQueryCallback('insert into `cd...', Array, Object(Closure))
#3 /home/steffen/public_html/cdc/vendor/laravel/framework/src/Illuminate/Database/Connection.php(370): Illuminate\Database\Connection->run('insert into `cd...', Array, Object(Closure))
#4 /home/steffen/public_html/cdc/vendor/laravel/framework/src/Illuminate/Database/Connection.php(327): Illuminate\Database\Connection->statement('insert into `cd...', Array)
#5 /home/steffen/public_html/cdc/vendor/laravel/framework/src/Illuminate/Database/Query/Processors/Processor.php(30): Illuminate\Database\Connection->insert('insert into `cd...', Array)
#6 /home/steffen/public_html/cdc/vendor/laravel/framework/src/Illuminate/Database/Query/Builder.php(1910): Illuminate\Database\Query\Processors\Processor->processInsertGetId(Object(Illuminate\Database\Query\Builder), 'insert into `cd...', Array, 'id')
#7 [internal function]: Illuminate\Database\Query\Builder->insertGetId(Array, 'id')
#8 /home/steffen/public_html/cdc/vendor/laravel/framework/src/Illuminate/Database/Eloquent/Builder.php(972): call_user_func_array(Array, Array)
#9 /home/steffen/public_html/cdc/vendor/laravel/framework/src/Illuminate/Database/Eloquent/Model.php(1580): Illuminate\Database\Eloquent\Builder->__call('insertGetId', Array)
#10 /home/steffen/public_html/cdc/vendor/laravel/framework/src/Illuminate/Database/Eloquent/Model.php(1580): Illuminate\Database\Eloquent\Builder->insertGetId(Array, 'id')
#11 /home/steffen/public_html/cdc/vendor/laravel/framework/src/Illuminate/Database/Eloquent/Model.php(1550): Illuminate\Database\Eloquent\Model->insertAndSetId(Object(Illuminate\Database\Eloquent\Builder), Array)
#12 /home/steffen/public_html/cdc/vendor/laravel/framework/src/Illuminate/Database/Eloquent/Model.php(1456): Illuminate\Database\Eloquent\Model->performInsert(Object(Illuminate\Database\Eloquent\Builder), Array)
#13 /home/steffen/public_html/cdc/app/database/seeds/AlbumSeeder.php(37): Illuminate\Database\Eloquent\Model->save()
#14 /home/steffen/public_html/cdc/vendor/laravel/framework/src/Illuminate/Database/Seeder.php(37): AlbumSeeder->run()
#15 /home/steffen/public_html/cdc/app/database/seeds/DatabaseSeeder.php(18): Illuminate\Database\Seeder->call('AlbumSeeder')
#16 /home/steffen/public_html/cdc/vendor/laravel/framework/src/Illuminate/Database/Console/SeedCommand.php(57): DatabaseSeeder->run()
#17 /home/steffen/public_html/cdc/vendor/laravel/framework/src/Illuminate/Console/Command.php(112): Illuminate\Database\Console\SeedCommand->fire()
#18 /home/steffen/public_html/cdc/vendor/symfony/console/Symfony/Component/Console/Command/Command.php(253): Illuminate\Console\Command->execute(Object(Symfony\Component\Console\Input\ArgvInput), Object(Symfony\Component\Console\Output\ConsoleOutput))
#19 /home/steffen/public_html/cdc/vendor/laravel/framework/src/Illuminate/Console/Command.php(100): Symfony\Component\Console\Command\Command->run(Object(Symfony\Component\Console\Input\ArgvInput), Object(Symfony\Component\Console\Output\ConsoleOutput))
#20 /home/steffen/public_html/cdc/vendor/symfony/console/Symfony/Component/Console/Application.php(889): Illuminate\Console\Command->run(Object(Symfony\Component\Console\Input\ArgvInput), Object(Symfony\Component\Console\Output\ConsoleOutput))
#21 /home/steffen/public_html/cdc/vendor/symfony/console/Symfony/Component/Console/Application.php(193): Symfony\Component\Console\Application->doRunCommand(Object(Illuminate\Database\Console\SeedCommand), Object(Symfony\Component\Console\Input\ArgvInput), Object(Symfony\Component\Console\Output\ConsoleOutput))
#22 /home/steffen/public_html/cdc/vendor/symfony/console/Symfony/Component/Console/Application.php(124): Symfony\Component\Console\Application->doRun(Object(Symfony\Component\Console\Input\ArgvInput), Object(Symfony\Component\Console\Output\ConsoleOutput))
#23 /home/steffen/public_html/cdc/artisan(59): Symfony\Component\Console\Application->run()
#24 {main}

Next exception 'Illuminate\Database\QueryException' with message 'SQLSTATE[23000]: Integrity constraint violation: 1452 Cannot add or update a child row: a foreign key constraint fails (`cdc`.`cd`, CONSTRAINT `cd_album_id_foreign` FOREIGN KEY (`album_id`) REFERENCES `album` (`id`) ON DELETE CASCADE) (SQL: insert into `cd` (`cd_no`, `updated_at`, `created_at`) values (1, 2015-07-22 17:57:35, 2015-07-22 17:57:35))' in /home/steffen/public_html/cdc/vendor/laravel/framework/src/Illuminate/Database/Connection.php:625
Stack trace:
#0 /home/steffen/public_html/cdc/vendor/laravel/framework/src/Illuminate/Database/Connection.php(581): Illuminate\Database\Connection->runQueryCallback('insert into `cd...', Array, Object(Closure))
#1 /home/steffen/public_html/cdc/vendor/laravel/framework/src/Illuminate/Database/Connection.php(370): Illuminate\Database\Connection->run('insert into `cd...', Array, Object(Closure))
#2 /home/steffen/public_html/cdc/vendor/laravel/framework/src/Illuminate/Database/Connection.php(327): Illuminate\Database\Connection->statement('insert into `cd...', Array)
#3 /home/steffen/public_html/cdc/vendor/laravel/framework/src/Illuminate/Database/Query/Processors/Processor.php(30): Illuminate\Database\Connection->insert('insert into `cd...', Array)
#4 /home/steffen/public_html/cdc/vendor/laravel/framework/src/Illuminate/Database/Query/Builder.php(1910): Illuminate\Database\Query\Processors\Processor->processInsertGetId(Object(Illuminate\Database\Query\Builder), 'insert into `cd...', Array, 'id')
#5 [internal function]: Illuminate\Database\Query\Builder->insertGetId(Array, 'id')
#6 /home/steffen/public_html/cdc/vendor/laravel/framework/src/Illuminate/Database/Eloquent/Builder.php(972): call_user_func_array(Array, Array)
#7 /home/steffen/public_html/cdc/vendor/laravel/framework/src/Illuminate/Database/Eloquent/Model.php(1580): Illuminate\Database\Eloquent\Builder->__call('insertGetId', Array)
#8 /home/steffen/public_html/cdc/vendor/laravel/framework/src/Illuminate/Database/Eloquent/Model.php(1580): Illuminate\Database\Eloquent\Builder->insertGetId(Array, 'id')
#9 /home/steffen/public_html/cdc/vendor/laravel/framework/src/Illuminate/Database/Eloquent/Model.php(1550): Illuminate\Database\Eloquent\Model->insertAndSetId(Object(Illuminate\Database\Eloquent\Builder), Array)
#10 /home/steffen/public_html/cdc/vendor/laravel/framework/src/Illuminate/Database/Eloquent/Model.php(1456): Illuminate\Database\Eloquent\Model->performInsert(Object(Illuminate\Database\Eloquent\Builder), Array)
#11 /home/steffen/public_html/cdc/app/database/seeds/AlbumSeeder.php(37): Illuminate\Database\Eloquent\Model->save()
#12 /home/steffen/public_html/cdc/vendor/laravel/framework/src/Illuminate/Database/Seeder.php(37): AlbumSeeder->run()
#13 /home/steffen/public_html/cdc/app/database/seeds/DatabaseSeeder.php(18): Illuminate\Database\Seeder->call('AlbumSeeder')
#14 /home/steffen/public_html/cdc/vendor/laravel/framework/src/Illuminate/Database/Console/SeedCommand.php(57): DatabaseSeeder->run()
#15 /home/steffen/public_html/cdc/vendor/laravel/framework/src/Illuminate/Console/Command.php(112): Illuminate\Database\Console\SeedCommand->fire()
#16 /home/steffen/public_html/cdc/vendor/symfony/console/Symfony/Component/Console/Command/Command.php(253): Illuminate\Console\Command->execute(Object(Symfony\Component\Console\Input\ArgvInput), Object(Symfony\Component\Console\Output\ConsoleOutput))
#17 /home/steffen/public_html/cdc/vendor/laravel/framework/src/Illuminate/Console/Command.php(100): Symfony\Component\Console\Command\Command->run(Object(Symfony\Component\Console\Input\ArgvInput), Object(Symfony\Component\Console\Output\ConsoleOutput))
#18 /home/steffen/public_html/cdc/vendor/symfony/console/Symfony/Component/Console/Application.php(889): Illuminate\Console\Command->run(Object(Symfony\Component\Console\Input\ArgvInput), Object(Symfony\Component\Console\Output\ConsoleOutput))
#19 /home/steffen/public_html/cdc/vendor/symfony/console/Symfony/Component/Console/Application.php(193): Symfony\Component\Console\Application->doRunCommand(Object(Illuminate\Database\Console\SeedCommand), Object(Symfony\Component\Console\Input\ArgvInput), Object(Symfony\Component\Console\Output\ConsoleOutput))
#20 /home/steffen/public_html/cdc/vendor/symfony/console/Symfony/Component/Console/Application.php(124): Symfony\Component\Console\Application->doRun(Object(Symfony\Component\Console\Input\ArgvInput), Object(Symfony\Component\Console\Output\ConsoleOutput))
#21 /home/steffen/public_html/cdc/artisan(59): Symfony\Component\Console\Application->run()
#22 {main} [] []
[2015-07-22 17:58:47] production.ERROR: exception 'PDOException' with message 'SQLSTATE[23000]: Integrity constraint violation: 1452 Cannot add or update a child row: a foreign key constraint fails (`cdc`.`cd`, CONSTRAINT `cd_album_id_foreign` FOREIGN KEY (`album_id`) REFERENCES `album` (`id`) ON DELETE CASCADE)' in /home/steffen/public_html/cdc/vendor/laravel/framework/src/Illuminate/Database/Connection.php:369
Stack trace:
#0 /home/steffen/public_html/cdc/vendor/laravel/framework/src/Illuminate/Database/Connection.php(369): PDOStatement->execute(Array)
#1 /home/steffen/public_html/cdc/vendor/laravel/framework/src/Illuminate/Database/Connection.php(617): Illuminate\Database\Connection->Illuminate\Database\{closure}(Object(Illuminate\Database\MySqlConnection), 'insert into `cd...', Array)
#2 /home/steffen/public_html/cdc/vendor/laravel/framework/src/Illuminate/Database/Connection.php(581): Illuminate\Database\Connection->runQueryCallback('insert into `cd...', Array, Object(Closure))
#3 /home/steffen/public_html/cdc/vendor/laravel/framework/src/Illuminate/Database/Connection.php(370): Illuminate\Database\Connection->run('insert into `cd...', Array, Object(Closure))
#4 /home/steffen/public_html/cdc/vendor/laravel/framework/src/Illuminate/Database/Connection.php(327): Illuminate\Database\Connection->statement('insert into `cd...', Array)
#5 /home/steffen/public_html/cdc/vendor/laravel/framework/src/Illuminate/Database/Query/Processors/Processor.php(30): Illuminate\Database\Connection->insert('insert into `cd...', Array)
#6 /home/steffen/public_html/cdc/vendor/laravel/framework/src/Illuminate/Database/Query/Builder.php(1910): Illuminate\Database\Query\Processors\Processor->processInsertGetId(Object(Illuminate\Database\Query\Builder), 'insert into `cd...', Array, 'id')
#7 [internal function]: Illuminate\Database\Query\Builder->insertGetId(Array, 'id')
#8 /home/steffen/public_html/cdc/vendor/laravel/framework/src/Illuminate/Database/Eloquent/Builder.php(972): call_user_func_array(Array, Array)
#9 /home/steffen/public_html/cdc/vendor/laravel/framework/src/Illuminate/Database/Eloquent/Model.php(1580): Illuminate\Database\Eloquent\Builder->__call('insertGetId', Array)
#10 /home/steffen/public_html/cdc/vendor/laravel/framework/src/Illuminate/Database/Eloquent/Model.php(1580): Illuminate\Database\Eloquent\Builder->insertGetId(Array, 'id')
#11 /home/steffen/public_html/cdc/vendor/laravel/framework/src/Illuminate/Database/Eloquent/Model.php(1550): Illuminate\Database\Eloquent\Model->insertAndSetId(Object(Illuminate\Database\Eloquent\Builder), Array)
#12 /home/steffen/public_html/cdc/vendor/laravel/framework/src/Illuminate/Database/Eloquent/Model.php(1456): Illuminate\Database\Eloquent\Model->performInsert(Object(Illuminate\Database\Eloquent\Builder), Array)
#13 /home/steffen/public_html/cdc/app/database/seeds/AlbumSeeder.php(37): Illuminate\Database\Eloquent\Model->save()
#14 /home/steffen/public_html/cdc/vendor/laravel/framework/src/Illuminate/Database/Seeder.php(37): AlbumSeeder->run()
#15 /home/steffen/public_html/cdc/app/database/seeds/DatabaseSeeder.php(18): Illuminate\Database\Seeder->call('AlbumSeeder')
#16 /home/steffen/public_html/cdc/vendor/laravel/framework/src/Illuminate/Database/Console/SeedCommand.php(57): DatabaseSeeder->run()
#17 /home/steffen/public_html/cdc/vendor/laravel/framework/src/Illuminate/Console/Command.php(112): Illuminate\Database\Console\SeedCommand->fire()
#18 /home/steffen/public_html/cdc/vendor/symfony/console/Symfony/Component/Console/Command/Command.php(253): Illuminate\Console\Command->execute(Object(Symfony\Component\Console\Input\ArgvInput), Object(Symfony\Component\Console\Output\ConsoleOutput))
#19 /home/steffen/public_html/cdc/vendor/laravel/framework/src/Illuminate/Console/Command.php(100): Symfony\Component\Console\Command\Command->run(Object(Symfony\Component\Console\Input\ArgvInput), Object(Symfony\Component\Console\Output\ConsoleOutput))
#20 /home/steffen/public_html/cdc/vendor/symfony/console/Symfony/Component/Console/Application.php(889): Illuminate\Console\Command->run(Object(Symfony\Component\Console\Input\ArgvInput), Object(Symfony\Component\Console\Output\ConsoleOutput))
#21 /home/steffen/public_html/cdc/vendor/symfony/console/Symfony/Component/Console/Application.php(193): Symfony\Component\Console\Application->doRunCommand(Object(Illuminate\Database\Console\SeedCommand), Object(Symfony\Component\Console\Input\ArgvInput), Object(Symfony\Component\Console\Output\ConsoleOutput))
#22 /home/steffen/public_html/cdc/vendor/symfony/console/Symfony/Component/Console/Application.php(124): Symfony\Component\Console\Application->doRun(Object(Symfony\Component\Console\Input\ArgvInput), Object(Symfony\Component\Console\Output\ConsoleOutput))
#23 /home/steffen/public_html/cdc/artisan(59): Symfony\Component\Console\Application->run()
#24 {main}

Next exception 'Illuminate\Database\QueryException' with message 'SQLSTATE[23000]: Integrity constraint violation: 1452 Cannot add or update a child row: a foreign key constraint fails (`cdc`.`cd`, CONSTRAINT `cd_album_id_foreign` FOREIGN KEY (`album_id`) REFERENCES `album` (`id`) ON DELETE CASCADE) (SQL: insert into `cd` (`cd_no`, `updated_at`, `created_at`) values (6, 2015-07-22 17:58:47, 2015-07-22 17:58:47))' in /home/steffen/public_html/cdc/vendor/laravel/framework/src/Illuminate/Database/Connection.php:625
Stack trace:
#0 /home/steffen/public_html/cdc/vendor/laravel/framework/src/Illuminate/Database/Connection.php(581): Illuminate\Database\Connection->runQueryCallback('insert into `cd...', Array, Object(Closure))
#1 /home/steffen/public_html/cdc/vendor/laravel/framework/src/Illuminate/Database/Connection.php(370): Illuminate\Database\Connection->run('insert into `cd...', Array, Object(Closure))
#2 /home/steffen/public_html/cdc/vendor/laravel/framework/src/Illuminate/Database/Connection.php(327): Illuminate\Database\Connection->statement('insert into `cd...', Array)
#3 /home/steffen/public_html/cdc/vendor/laravel/framework/src/Illuminate/Database/Query/Processors/Processor.php(30): Illuminate\Database\Connection->insert('insert into `cd...', Array)
#4 /home/steffen/public_html/cdc/vendor/laravel/framework/src/Illuminate/Database/Query/Builder.php(1910): Illuminate\Database\Query\Processors\Processor->processInsertGetId(Object(Illuminate\Database\Query\Builder), 'insert into `cd...', Array, 'id')
#5 [internal function]: Illuminate\Database\Query\Builder->insertGetId(Array, 'id')
#6 /home/steffen/public_html/cdc/vendor/laravel/framework/src/Illuminate/Database/Eloquent/Builder.php(972): call_user_func_array(Array, Array)
#7 /home/steffen/public_html/cdc/vendor/laravel/framework/src/Illuminate/Database/Eloquent/Model.php(1580): Illuminate\Database\Eloquent\Builder->__call('insertGetId', Array)
#8 /home/steffen/public_html/cdc/vendor/laravel/framework/src/Illuminate/Database/Eloquent/Model.php(1580): Illuminate\Database\Eloquent\Builder->insertGetId(Array, 'id')
#9 /home/steffen/public_html/cdc/vendor/laravel/framework/src/Illuminate/Database/Eloquent/Model.php(1550): Illuminate\Database\Eloquent\Model->insertAndSetId(Object(Illuminate\Database\Eloquent\Builder), Array)
#10 /home/steffen/public_html/cdc/vendor/laravel/framework/src/Illuminate/Database/Eloquent/Model.php(1456): Illuminate\Database\Eloquent\Model->performInsert(Object(Illuminate\Database\Eloquent\Builder), Array)
#11 /home/steffen/public_html/cdc/app/database/seeds/AlbumSeeder.php(37): Illuminate\Database\Eloquent\Model->save()
#12 /home/steffen/public_html/cdc/vendor/laravel/framework/src/Illuminate/Database/Seeder.php(37): AlbumSeeder->run()
#13 /home/steffen/public_html/cdc/app/database/seeds/DatabaseSeeder.php(18): Illuminate\Database\Seeder->call('AlbumSeeder')
#14 /home/steffen/public_html/cdc/vendor/laravel/framework/src/Illuminate/Database/Console/SeedCommand.php(57): DatabaseSeeder->run()
#15 /home/steffen/public_html/cdc/vendor/laravel/framework/src/Illuminate/Console/Command.php(112): Illuminate\Database\Console\SeedCommand->fire()
#16 /home/steffen/public_html/cdc/vendor/symfony/console/Symfony/Component/Console/Command/Command.php(253): Illuminate\Console\Command->execute(Object(Symfony\Component\Console\Input\ArgvInput), Object(Symfony\Component\Console\Output\ConsoleOutput))
#17 /home/steffen/public_html/cdc/vendor/laravel/framework/src/Illuminate/Console/Command.php(100): Symfony\Component\Console\Command\Command->run(Object(Symfony\Component\Console\Input\ArgvInput), Object(Symfony\Component\Console\Output\ConsoleOutput))
#18 /home/steffen/public_html/cdc/vendor/symfony/console/Symfony/Component/Console/Application.php(889): Illuminate\Console\Command->run(Object(Symfony\Component\Console\Input\ArgvInput), Object(Symfony\Component\Console\Output\ConsoleOutput))
#19 /home/steffen/public_html/cdc/vendor/symfony/console/Symfony/Component/Console/Application.php(193): Symfony\Component\Console\Application->doRunCommand(Object(Illuminate\Database\Console\SeedCommand), Object(Symfony\Component\Console\Input\ArgvInput), Object(Symfony\Component\Console\Output\ConsoleOutput))
#20 /home/steffen/public_html/cdc/vendor/symfony/console/Symfony/Component/Console/Application.php(124): Symfony\Component\Console\Application->doRun(Object(Symfony\Component\Console\Input\ArgvInput), Object(Symfony\Component\Console\Output\ConsoleOutput))
#21 /home/steffen/public_html/cdc/artisan(59): Symfony\Component\Console\Application->run()
#22 {main} [] []
[2015-07-22 18:00:26] production.ERROR: exception 'BadMethodCallException' with message 'Call to undefined method Illuminate\Database\Query\Builder::save()' in /home/steffen/public_html/cdc/vendor/laravel/framework/src/Illuminate/Database/Query/Builder.php:2184
Stack trace:
#0 [internal function]: Illuminate\Database\Query\Builder->__call('save', Array)
#1 [internal function]: Illuminate\Database\Query\Builder->save(Object(Album))
#2 /home/steffen/public_html/cdc/vendor/laravel/framework/src/Illuminate/Database/Eloquent/Builder.php(972): call_user_func_array(Array, Array)
#3 [internal function]: Illuminate\Database\Eloquent\Builder->__call('save', Array)
#4 [internal function]: Illuminate\Database\Eloquent\Builder->save(Object(Album))
#5 /home/steffen/public_html/cdc/vendor/laravel/framework/src/Illuminate/Database/Eloquent/Relations/Relation.php(281): call_user_func_array(Array, Array)
#6 /home/steffen/public_html/cdc/app/database/seeds/AlbumSeeder.php(37): Illuminate\Database\Eloquent\Relations\Relation->__call('save', Array)
#7 /home/steffen/public_html/cdc/app/database/seeds/AlbumSeeder.php(37): Illuminate\Database\Eloquent\Relations\BelongsTo->save(Object(Album))
#8 /home/steffen/public_html/cdc/vendor/laravel/framework/src/Illuminate/Database/Seeder.php(37): AlbumSeeder->run()
#9 /home/steffen/public_html/cdc/app/database/seeds/DatabaseSeeder.php(18): Illuminate\Database\Seeder->call('AlbumSeeder')
#10 /home/steffen/public_html/cdc/vendor/laravel/framework/src/Illuminate/Database/Console/SeedCommand.php(57): DatabaseSeeder->run()
#11 /home/steffen/public_html/cdc/vendor/laravel/framework/src/Illuminate/Console/Command.php(112): Illuminate\Database\Console\SeedCommand->fire()
#12 /home/steffen/public_html/cdc/vendor/symfony/console/Symfony/Component/Console/Command/Command.php(253): Illuminate\Console\Command->execute(Object(Symfony\Component\Console\Input\ArgvInput), Object(Symfony\Component\Console\Output\ConsoleOutput))
#13 /home/steffen/public_html/cdc/vendor/laravel/framework/src/Illuminate/Console/Command.php(100): Symfony\Component\Console\Command\Command->run(Object(Symfony\Component\Console\Input\ArgvInput), Object(Symfony\Component\Console\Output\ConsoleOutput))
#14 /home/steffen/public_html/cdc/vendor/symfony/console/Symfony/Component/Console/Application.php(889): Illuminate\Console\Command->run(Object(Symfony\Component\Console\Input\ArgvInput), Object(Symfony\Component\Console\Output\ConsoleOutput))
#15 /home/steffen/public_html/cdc/vendor/symfony/console/Symfony/Component/Console/Application.php(193): Symfony\Component\Console\Application->doRunCommand(Object(Illuminate\Database\Console\SeedCommand), Object(Symfony\Component\Console\Input\ArgvInput), Object(Symfony\Component\Console\Output\ConsoleOutput))
#16 /home/steffen/public_html/cdc/vendor/symfony/console/Symfony/Component/Console/Application.php(124): Symfony\Component\Console\Application->doRun(Object(Symfony\Component\Console\Input\ArgvInput), Object(Symfony\Component\Console\Output\ConsoleOutput))
#17 /home/steffen/public_html/cdc/artisan(59): Symfony\Component\Console\Application->run()
#18 {main} [] []
[2015-07-23 03:51:05] production.ERROR: exception 'PDOException' with message 'SQLSTATE[42S22]: Column not found: 1054 Unknown column 'number' in 'field list'' in /home/steffen/public_html/cdc/vendor/laravel/framework/src/Illuminate/Database/Connection.php:369
Stack trace:
#0 /home/steffen/public_html/cdc/vendor/laravel/framework/src/Illuminate/Database/Connection.php(369): PDO->prepare('insert into `tr...')
#1 /home/steffen/public_html/cdc/vendor/laravel/framework/src/Illuminate/Database/Connection.php(617): Illuminate\Database\Connection->Illuminate\Database\{closure}(Object(Illuminate\Database\MySqlConnection), 'insert into `tr...', Array)
#2 /home/steffen/public_html/cdc/vendor/laravel/framework/src/Illuminate/Database/Connection.php(581): Illuminate\Database\Connection->runQueryCallback('insert into `tr...', Array, Object(Closure))
#3 /home/steffen/public_html/cdc/vendor/laravel/framework/src/Illuminate/Database/Connection.php(370): Illuminate\Database\Connection->run('insert into `tr...', Array, Object(Closure))
#4 /home/steffen/public_html/cdc/vendor/laravel/framework/src/Illuminate/Database/Connection.php(327): Illuminate\Database\Connection->statement('insert into `tr...', Array)
#5 /home/steffen/public_html/cdc/vendor/laravel/framework/src/Illuminate/Database/Query/Processors/Processor.php(30): Illuminate\Database\Connection->insert('insert into `tr...', Array)
#6 /home/steffen/public_html/cdc/vendor/laravel/framework/src/Illuminate/Database/Query/Builder.php(1910): Illuminate\Database\Query\Processors\Processor->processInsertGetId(Object(Illuminate\Database\Query\Builder), 'insert into `tr...', Array, 'id')
#7 [internal function]: Illuminate\Database\Query\Builder->insertGetId(Array, 'id')
#8 /home/steffen/public_html/cdc/vendor/laravel/framework/src/Illuminate/Database/Eloquent/Builder.php(972): call_user_func_array(Array, Array)
#9 /home/steffen/public_html/cdc/vendor/laravel/framework/src/Illuminate/Database/Eloquent/Model.php(1580): Illuminate\Database\Eloquent\Builder->__call('insertGetId', Array)
#10 /home/steffen/public_html/cdc/vendor/laravel/framework/src/Illuminate/Database/Eloquent/Model.php(1580): Illuminate\Database\Eloquent\Builder->insertGetId(Array, 'id')
#11 /home/steffen/public_html/cdc/vendor/laravel/framework/src/Illuminate/Database/Eloquent/Model.php(1550): Illuminate\Database\Eloquent\Model->insertAndSetId(Object(Illuminate\Database\Eloquent\Builder), Array)
#12 /home/steffen/public_html/cdc/vendor/laravel/framework/src/Illuminate/Database/Eloquent/Model.php(1456): Illuminate\Database\Eloquent\Model->performInsert(Object(Illuminate\Database\Eloquent\Builder), Array)
#13 /home/steffen/public_html/cdc/app/database/seeds/AlbumSeeder.php(53): Illuminate\Database\Eloquent\Model->save()
#14 /home/steffen/public_html/cdc/vendor/laravel/framework/src/Illuminate/Database/Seeder.php(37): AlbumSeeder->run()
#15 /home/steffen/public_html/cdc/app/database/seeds/DatabaseSeeder.php(18): Illuminate\Database\Seeder->call('AlbumSeeder')
#16 /home/steffen/public_html/cdc/vendor/laravel/framework/src/Illuminate/Database/Console/SeedCommand.php(57): DatabaseSeeder->run()
#17 /home/steffen/public_html/cdc/vendor/laravel/framework/src/Illuminate/Console/Command.php(112): Illuminate\Database\Console\SeedCommand->fire()
#18 /home/steffen/public_html/cdc/vendor/symfony/console/Symfony/Component/Console/Command/Command.php(253): Illuminate\Console\Command->execute(Object(Symfony\Component\Console\Input\ArgvInput), Object(Symfony\Component\Console\Output\ConsoleOutput))
#19 /home/steffen/public_html/cdc/vendor/laravel/framework/src/Illuminate/Console/Command.php(100): Symfony\Component\Console\Command\Command->run(Object(Symfony\Component\Console\Input\ArgvInput), Object(Symfony\Component\Console\Output\ConsoleOutput))
#20 /home/steffen/public_html/cdc/vendor/symfony/console/Symfony/Component/Console/Application.php(889): Illuminate\Console\Command->run(Object(Symfony\Component\Console\Input\ArgvInput), Object(Symfony\Component\Console\Output\ConsoleOutput))
#21 /home/steffen/public_html/cdc/vendor/symfony/console/Symfony/Component/Console/Application.php(193): Symfony\Component\Console\Application->doRunCommand(Object(Illuminate\Database\Console\SeedCommand), Object(Symfony\Component\Console\Input\ArgvInput), Object(Symfony\Component\Console\Output\ConsoleOutput))
#22 /home/steffen/public_html/cdc/vendor/symfony/console/Symfony/Component/Console/Application.php(124): Symfony\Component\Console\Application->doRun(Object(Symfony\Component\Console\Input\ArgvInput), Object(Symfony\Component\Console\Output\ConsoleOutput))
#23 /home/steffen/public_html/cdc/artisan(59): Symfony\Component\Console\Application->run()
#24 {main}

Next exception 'Illuminate\Database\QueryException' with message 'SQLSTATE[42S22]: Column not found: 1054 Unknown column 'number' in 'field list' (SQL: insert into `track` (`number`, `name`, `length`, `show_artist`, `rating`, `composer`, `lyrics`, `artist_id`, `cd_id`, `updated_at`, `created_at`) values (1, Non aspernatur necessitatibus ut voluptates., 2214, 1, 1, Chase Hills, Assumenda mollitia est aut blanditiis dolorum quis aut veritatis., 560, 48, 2015-07-23 03:51:05, 2015-07-23 03:51:05))' in /home/steffen/public_html/cdc/vendor/laravel/framework/src/Illuminate/Database/Connection.php:625
Stack trace:
#0 /home/steffen/public_html/cdc/vendor/laravel/framework/src/Illuminate/Database/Connection.php(581): Illuminate\Database\Connection->runQueryCallback('insert into `tr...', Array, Object(Closure))
#1 /home/steffen/public_html/cdc/vendor/laravel/framework/src/Illuminate/Database/Connection.php(370): Illuminate\Database\Connection->run('insert into `tr...', Array, Object(Closure))
#2 /home/steffen/public_html/cdc/vendor/laravel/framework/src/Illuminate/Database/Connection.php(327): Illuminate\Database\Connection->statement('insert into `tr...', Array)
#3 /home/steffen/public_html/cdc/vendor/laravel/framework/src/Illuminate/Database/Query/Processors/Processor.php(30): Illuminate\Database\Connection->insert('insert into `tr...', Array)
#4 /home/steffen/public_html/cdc/vendor/laravel/framework/src/Illuminate/Database/Query/Builder.php(1910): Illuminate\Database\Query\Processors\Processor->processInsertGetId(Object(Illuminate\Database\Query\Builder), 'insert into `tr...', Array, 'id')
#5 [internal function]: Illuminate\Database\Query\Builder->insertGetId(Array, 'id')
#6 /home/steffen/public_html/cdc/vendor/laravel/framework/src/Illuminate/Database/Eloquent/Builder.php(972): call_user_func_array(Array, Array)
#7 /home/steffen/public_html/cdc/vendor/laravel/framework/src/Illuminate/Database/Eloquent/Model.php(1580): Illuminate\Database\Eloquent\Builder->__call('insertGetId', Array)
#8 /home/steffen/public_html/cdc/vendor/laravel/framework/src/Illuminate/Database/Eloquent/Model.php(1580): Illuminate\Database\Eloquent\Builder->insertGetId(Array, 'id')
#9 /home/steffen/public_html/cdc/vendor/laravel/framework/src/Illuminate/Database/Eloquent/Model.php(1550): Illuminate\Database\Eloquent\Model->insertAndSetId(Object(Illuminate\Database\Eloquent\Builder), Array)
#10 /home/steffen/public_html/cdc/vendor/laravel/framework/src/Illuminate/Database/Eloquent/Model.php(1456): Illuminate\Database\Eloquent\Model->performInsert(Object(Illuminate\Database\Eloquent\Builder), Array)
#11 /home/steffen/public_html/cdc/app/database/seeds/AlbumSeeder.php(53): Illuminate\Database\Eloquent\Model->save()
#12 /home/steffen/public_html/cdc/vendor/laravel/framework/src/Illuminate/Database/Seeder.php(37): AlbumSeeder->run()
#13 /home/steffen/public_html/cdc/app/database/seeds/DatabaseSeeder.php(18): Illuminate\Database\Seeder->call('AlbumSeeder')
#14 /home/steffen/public_html/cdc/vendor/laravel/framework/src/Illuminate/Database/Console/SeedCommand.php(57): DatabaseSeeder->run()
#15 /home/steffen/public_html/cdc/vendor/laravel/framework/src/Illuminate/Console/Command.php(112): Illuminate\Database\Console\SeedCommand->fire()
#16 /home/steffen/public_html/cdc/vendor/symfony/console/Symfony/Component/Console/Command/Command.php(253): Illuminate\Console\Command->execute(Object(Symfony\Component\Console\Input\ArgvInput), Object(Symfony\Component\Console\Output\ConsoleOutput))
#17 /home/steffen/public_html/cdc/vendor/laravel/framework/src/Illuminate/Console/Command.php(100): Symfony\Component\Console\Command\Command->run(Object(Symfony\Component\Console\Input\ArgvInput), Object(Symfony\Component\Console\Output\ConsoleOutput))
#18 /home/steffen/public_html/cdc/vendor/symfony/console/Symfony/Component/Console/Application.php(889): Illuminate\Console\Command->run(Object(Symfony\Component\Console\Input\ArgvInput), Object(Symfony\Component\Console\Output\ConsoleOutput))
#19 /home/steffen/public_html/cdc/vendor/symfony/console/Symfony/Component/Console/Application.php(193): Symfony\Component\Console\Application->doRunCommand(Object(Illuminate\Database\Console\SeedCommand), Object(Symfony\Component\Console\Input\ArgvInput), Object(Symfony\Component\Console\Output\ConsoleOutput))
#20 /home/steffen/public_html/cdc/vendor/symfony/console/Symfony/Component/Console/Application.php(124): Symfony\Component\Console\Application->doRun(Object(Symfony\Component\Console\Input\ArgvInput), Object(Symfony\Component\Console\Output\ConsoleOutput))
#21 /home/steffen/public_html/cdc/artisan(59): Symfony\Component\Console\Application->run()
#22 {main} [] []
[2015-07-23 03:51:24] production.ERROR: exception 'OverflowException' with message 'Maximum retries of 10000 reached without finding a unique value' in /home/steffen/public_html/cdc/vendor/fzaninotto/faker/src/Faker/UniqueGenerator.php:42
Stack trace:
#0 /home/steffen/public_html/cdc/app/database/seeds/AlbumSeeder.php(48): Faker\UniqueGenerator->__call('lastName', Array)
#1 /home/steffen/public_html/cdc/app/database/seeds/AlbumSeeder.php(48): Faker\UniqueGenerator->lastName()
#2 /home/steffen/public_html/cdc/vendor/laravel/framework/src/Illuminate/Database/Seeder.php(37): AlbumSeeder->run()
#3 /home/steffen/public_html/cdc/app/database/seeds/DatabaseSeeder.php(18): Illuminate\Database\Seeder->call('AlbumSeeder')
#4 /home/steffen/public_html/cdc/vendor/laravel/framework/src/Illuminate/Database/Console/SeedCommand.php(57): DatabaseSeeder->run()
#5 /home/steffen/public_html/cdc/vendor/laravel/framework/src/Illuminate/Console/Command.php(112): Illuminate\Database\Console\SeedCommand->fire()
#6 /home/steffen/public_html/cdc/vendor/symfony/console/Symfony/Component/Console/Command/Command.php(253): Illuminate\Console\Command->execute(Object(Symfony\Component\Console\Input\ArgvInput), Object(Symfony\Component\Console\Output\ConsoleOutput))
#7 /home/steffen/public_html/cdc/vendor/laravel/framework/src/Illuminate/Console/Command.php(100): Symfony\Component\Console\Command\Command->run(Object(Symfony\Component\Console\Input\ArgvInput), Object(Symfony\Component\Console\Output\ConsoleOutput))
#8 /home/steffen/public_html/cdc/vendor/symfony/console/Symfony/Component/Console/Application.php(889): Illuminate\Console\Command->run(Object(Symfony\Component\Console\Input\ArgvInput), Object(Symfony\Component\Console\Output\ConsoleOutput))
#9 /home/steffen/public_html/cdc/vendor/symfony/console/Symfony/Component/Console/Application.php(193): Symfony\Component\Console\Application->doRunCommand(Object(Illuminate\Database\Console\SeedCommand), Object(Symfony\Component\Console\Input\ArgvInput), Object(Symfony\Component\Console\Output\ConsoleOutput))
#10 /home/steffen/public_html/cdc/vendor/symfony/console/Symfony/Component/Console/Application.php(124): Symfony\Component\Console\Application->doRun(Object(Symfony\Component\Console\Input\ArgvInput), Object(Symfony\Component\Console\Output\ConsoleOutput))
#11 /home/steffen/public_html/cdc/artisan(59): Symfony\Component\Console\Application->run()
#12 {main} [] []
[2015-07-23 03:58:16] production.ERROR: exception 'PDOException' with message 'SQLSTATE[42000] [1049] Unknown database 'cdc'' in /home/steffen/public_html/cdc/vendor/laravel/framework/src/Illuminate/Database/Connectors/Connector.php:47
Stack trace:
#0 /home/steffen/public_html/cdc/vendor/laravel/framework/src/Illuminate/Database/Connectors/Connector.php(47): PDO->__construct('mysql:host=loca...', 'cdc_user', 'keineahnung', Array)
#1 /home/steffen/public_html/cdc/vendor/laravel/framework/src/Illuminate/Database/Connectors/MySqlConnector.php(20): Illuminate\Database\Connectors\Connector->createConnection('mysql:host=loca...', Array, Array)
#2 /home/steffen/public_html/cdc/vendor/laravel/framework/src/Illuminate/Database/Connectors/ConnectionFactory.php(57): Illuminate\Database\Connectors\MySqlConnector->connect(Array)
#3 /home/steffen/public_html/cdc/vendor/laravel/framework/src/Illuminate/Database/Connectors/ConnectionFactory.php(46): Illuminate\Database\Connectors\ConnectionFactory->createSingleConnection(Array)
#4 /home/steffen/public_html/cdc/vendor/laravel/framework/src/Illuminate/Database/DatabaseManager.php(176): Illuminate\Database\Connectors\ConnectionFactory->make(Array, 'mysql')
#5 /home/steffen/public_html/cdc/vendor/laravel/framework/src/Illuminate/Database/DatabaseManager.php(64): Illuminate\Database\DatabaseManager->makeConnection('mysql')
#6 /home/steffen/public_html/cdc/vendor/laravel/framework/src/Illuminate/Database/Migrations/DatabaseMigrationRepository.php(167): Illuminate\Database\DatabaseManager->connection(NULL)
#7 /home/steffen/public_html/cdc/vendor/laravel/framework/src/Illuminate/Database/Migrations/DatabaseMigrationRepository.php(135): Illuminate\Database\Migrations\DatabaseMigrationRepository->getConnection()
#8 /home/steffen/public_html/cdc/vendor/laravel/framework/src/Illuminate/Database/Migrations/Migrator.php(371): Illuminate\Database\Migrations\DatabaseMigrationRepository->repositoryExists()
#9 /home/steffen/public_html/cdc/vendor/laravel/framework/src/Illuminate/Database/Console/Migrations/MigrateCommand.php(98): Illuminate\Database\Migrations\Migrator->repositoryExists()
#10 /home/steffen/public_html/cdc/vendor/laravel/framework/src/Illuminate/Database/Console/Migrations/MigrateCommand.php(61): Illuminate\Database\Console\Migrations\MigrateCommand->prepareDatabase()
#11 /home/steffen/public_html/cdc/vendor/laravel/framework/src/Illuminate/Console/Command.php(112): Illuminate\Database\Console\Migrations\MigrateCommand->fire()
#12 /home/steffen/public_html/cdc/vendor/symfony/console/Symfony/Component/Console/Command/Command.php(253): Illuminate\Console\Command->execute(Object(Symfony\Component\Console\Input\ArgvInput), Object(Symfony\Component\Console\Output\ConsoleOutput))
#13 /home/steffen/public_html/cdc/vendor/laravel/framework/src/Illuminate/Console/Command.php(100): Symfony\Component\Console\Command\Command->run(Object(Symfony\Component\Console\Input\ArgvInput), Object(Symfony\Component\Console\Output\ConsoleOutput))
#14 /home/steffen/public_html/cdc/vendor/symfony/console/Symfony/Component/Console/Application.php(889): Illuminate\Console\Command->run(Object(Symfony\Component\Console\Input\ArgvInput), Object(Symfony\Component\Console\Output\ConsoleOutput))
#15 /home/steffen/public_html/cdc/vendor/symfony/console/Symfony/Component/Console/Application.php(193): Symfony\Component\Console\Application->doRunCommand(Object(Illuminate\Database\Console\Migrations\MigrateCommand), Object(Symfony\Component\Console\Input\ArgvInput), Object(Symfony\Component\Console\Output\ConsoleOutput))
#16 /home/steffen/public_html/cdc/vendor/symfony/console/Symfony/Component/Console/Application.php(124): Symfony\Component\Console\Application->doRun(Object(Symfony\Component\Console\Input\ArgvInput), Object(Symfony\Component\Console\Output\ConsoleOutput))
#17 /home/steffen/public_html/cdc/artisan(59): Symfony\Component\Console\Application->run()
#18 {main} [] []
